# JRE version: OpenJDK Runtime Environment (8.0_202-b03) (build 1.8.0_202-release-1483-b03)
# Java VM: OpenJDK 64-Bit Server VM (25.202-b03 mixed mode windows-amd64 compressed oops)
Heap:
 PSYoungGen      total 204800K, used 39046K [0x00000000e0000000, 0x00000000f1200000, 0x0000000100000000)
  eden space 190976K, 13% used [0x00000000e0000000,0x00000000e18a41a0,0x00000000eba80000)
  from space 13824K, 99% used [0x00000000eba80000,0x00000000ec7fd888,0x00000000ec800000)
  to   space 19968K, 0% used [0x00000000efe80000,0x00000000efe80000,0x00000000f1200000)
 ParOldGen       total 64000K, used 26606K [0x00000000a0000000, 0x00000000a3e80000, 0x00000000e0000000)
  object space 64000K, 41% used [0x00000000a0000000,0x00000000a19fb858,0x00000000a3e80000)
 Metaspace       used 54437K, capacity 55930K, committed 56192K, reserved 1097728K
  class space    used 7338K, capacity 7742K, committed 7808K, reserved 1048576K
GC Heap History (10 events):
Event: 19.045 GC heap before
{Heap before GC invocations=7 (full 1):
 PSYoungGen      total 140288K, used 4893K [0x00000000e0000000, 0x00000000e9300000, 0x0000000100000000)
  eden space 131072K, 0% used [0x00000000e0000000,0x00000000e0000000,0x00000000e8000000)
  from space 9216K, 53% used [0x00000000e8a00000,0x00000000e8ec7498,0x00000000e9300000)
  to   space 9728K, 0% used [0x00000000e8000000,0x00000000e8000000,0x00000000e8980000)
 ParOldGen       total 44032K, used 14597K [0x00000000a0000000, 0x00000000a2b00000, 0x00000000e0000000)
  object space 44032K, 33% used [0x00000000a0000000,0x00000000a0e41778,0x00000000a2b00000)
 Metaspace       used 20657K, capacity 21146K, committed 21296K, reserved 1067008K
  class space    used 2956K, capacity 3123K, committed 3200K, reserved 1048576K
Event: 19.338 GC heap after
Heap after GC invocations=7 (full 1):
 PSYoungGen      total 140288K, used 0K [0x00000000e0000000, 0x00000000e9300000, 0x0000000100000000)
  eden space 131072K, 0% used [0x00000000e0000000,0x00000000e0000000,0x00000000e8000000)
  from space 9216K, 0% used [0x00000000e8a00000,0x00000000e8a00000,0x00000000e9300000)
  to   space 9728K, 0% used [0x00000000e8000000,0x00000000e8000000,0x00000000e8980000)
 ParOldGen       total 48128K, used 16276K [0x00000000a0000000, 0x00000000a2f00000, 0x00000000e0000000)
  object space 48128K, 33% used [0x00000000a0000000,0x00000000a0fe5188,0x00000000a2f00000)
 Metaspace       used 20657K, capacity 21146K, committed 21296K, reserved 1067008K
  class space    used 2956K, capacity 3123K, committed 3200K, reserved 1048576K
}
Event: 25.756 GC heap before
{Heap before GC invocations=8 (full 1):
 PSYoungGen      total 140288K, used 131072K [0x00000000e0000000, 0x00000000e9300000, 0x0000000100000000)
  eden space 131072K, 100% used [0x00000000e0000000,0x00000000e8000000,0x00000000e8000000)
  from space 9216K, 0% used [0x00000000e8a00000,0x00000000e8a00000,0x00000000e9300000)
  to   space 9728K, 0% used [0x00000000e8000000,0x00000000e8000000,0x00000000e8980000)
 ParOldGen       total 48128K, used 16276K [0x00000000a0000000, 0x00000000a2f00000, 0x00000000e0000000)
  object space 48128K, 33% used [0x00000000a0000000,0x00000000a0fe5188,0x00000000a2f00000)
 Metaspace       used 32208K, capacity 32850K, committed 33152K, reserved 1077248K
  class space    used 4437K, capacity 4624K, committed 4736K, reserved 1048576K
Event: 25.823 GC heap after
Heap after GC invocations=8 (full 1):
 PSYoungGen      total 140800K, used 9723K [0x00000000e0000000, 0x00000000ed800000, 0x0000000100000000)
  eden space 131072K, 0% used [0x00000000e0000000,0x00000000e0000000,0x00000000e8000000)
  from space 9728K, 99% used [0x00000000e8000000,0x00000000e897eeb8,0x00000000e8980000)
  to   space 12800K, 0% used [0x00000000ecb80000,0x00000000ecb80000,0x00000000ed800000)
 ParOldGen       total 48128K, used 19620K [0x00000000a0000000, 0x00000000a2f00000, 0x00000000e0000000)
  object space 48128K, 40% used [0x00000000a0000000,0x00000000a13290e0,0x00000000a2f00000)
 Metaspace       used 32208K, capacity 32850K, committed 33152K, reserved 1077248K
  class space    used 4437K, capacity 4624K, committed 4736K, reserved 1048576K
}
Event: 30.422 GC heap before
{Heap before GC invocations=9 (full 1):
 PSYoungGen      total 140800K, used 61051K [0x00000000e0000000, 0x00000000ed800000, 0x0000000100000000)
  eden space 131072K, 39% used [0x00000000e0000000,0x00000000e321fe98,0x00000000e8000000)
  from space 9728K, 99% used [0x00000000e8000000,0x00000000e897eeb8,0x00000000e8980000)
  to   space 12800K, 0% used [0x00000000ecb80000,0x00000000ecb80000,0x00000000ed800000)
 ParOldGen       total 48128K, used 19620K [0x00000000a0000000, 0x00000000a2f00000, 0x00000000e0000000)
  object space 48128K, 40% used [0x00000000a0000000,0x00000000a13290e0,0x00000000a2f00000)
 Metaspace       used 34689K, capacity 35378K, committed 35456K, reserved 1079296K
  class space    used 4780K, capacity 4958K, committed 4992K, reserved 1048576K
Event: 30.439 GC heap after
Heap after GC invocations=9 (full 1):
 PSYoungGen      total 199168K, used 9904K [0x00000000e0000000, 0x00000000ed580000, 0x0000000100000000)
  eden space 188928K, 0% used [0x00000000e0000000,0x00000000e0000000,0x00000000eb880000)
  from space 10240K, 96% used [0x00000000ecb80000,0x00000000ed52c2e0,0x00000000ed580000)
  to   space 13824K, 0% used [0x00000000eba80000,0x00000000eba80000,0x00000000ec800000)
 ParOldGen       total 48128K, used 19628K [0x00000000a0000000, 0x00000000a2f00000, 0x00000000e0000000)
  object space 48128K, 40% used [0x00000000a0000000,0x00000000a132b0e0,0x00000000a2f00000)
 Metaspace       used 34689K, capacity 35378K, committed 35456K, reserved 1079296K
  class space    used 4780K, capacity 4958K, committed 4992K, reserved 1048576K
}
Event: 30.439 GC heap before
{Heap before GC invocations=10 (full 2):
 PSYoungGen      total 199168K, used 9904K [0x00000000e0000000, 0x00000000ed580000, 0x0000000100000000)
  eden space 188928K, 0% used [0x00000000e0000000,0x00000000e0000000,0x00000000eb880000)
  from space 10240K, 96% used [0x00000000ecb80000,0x00000000ed52c2e0,0x00000000ed580000)
  to   space 13824K, 0% used [0x00000000eba80000,0x00000000eba80000,0x00000000ec800000)
 ParOldGen       total 48128K, used 19628K [0x00000000a0000000, 0x00000000a2f00000, 0x00000000e0000000)
  object space 48128K, 40% used [0x00000000a0000000,0x00000000a132b0e0,0x00000000a2f00000)
 Metaspace       used 34689K, capacity 35378K, committed 35456K, reserved 1079296K
  class space    used 4780K, capacity 4958K, committed 4992K, reserved 1048576K
Event: 30.685 GC heap after
Heap after GC invocations=10 (full 2):
 PSYoungGen      total 199168K, used 0K [0x00000000e0000000, 0x00000000ed580000, 0x0000000100000000)
  eden space 188928K, 0% used [0x00000000e0000000,0x00000000e0000000,0x00000000eb880000)
  from space 10240K, 0% used [0x00000000ecb80000,0x00000000ecb80000,0x00000000ed580000)
  to   space 13824K, 0% used [0x00000000eba80000,0x00000000eba80000,0x00000000ec800000)
 ParOldGen       total 64000K, used 16892K [0x00000000a0000000, 0x00000000a3e80000, 0x00000000e0000000)
  object space 64000K, 26% used [0x00000000a0000000,0x00000000a107f260,0x00000000a3e80000)
 Metaspace       used 34682K, capacity 35354K, committed 35456K, reserved 1079296K
  class space    used 4778K, capacity 4954K, committed 4992K, reserved 1048576K
}
Event: 44.891 GC heap before
{Heap before GC invocations=11 (full 2):
 PSYoungGen      total 199168K, used 188928K [0x00000000e0000000, 0x00000000ed580000, 0x0000000100000000)
  eden space 188928K, 100% used [0x00000000e0000000,0x00000000eb880000,0x00000000eb880000)
  from space 10240K, 0% used [0x00000000ecb80000,0x00000000ecb80000,0x00000000ed580000)
  to   space 13824K, 0% used [0x00000000eba80000,0x00000000eba80000,0x00000000ec800000)
 ParOldGen       total 64000K, used 16892K [0x00000000a0000000, 0x00000000a3e80000, 0x00000000e0000000)
  object space 64000K, 26% used [0x00000000a0000000,0x00000000a107f260,0x00000000a3e80000)
 Metaspace       used 52100K, capacity 53544K, committed 53888K, reserved 1095680K
  class space    used 7058K, capacity 7441K, committed 7552K, reserved 1048576K
Event: 45.264 GC heap after
Heap after GC invocations=11 (full 2):
 PSYoungGen      total 204800K, used 13814K [0x00000000e0000000, 0x00000000f1200000, 0x0000000100000000)
  eden space 190976K, 0% used [0x00000000e0000000,0x00000000e0000000,0x00000000eba80000)
  from space 13824K, 99% used [0x00000000eba80000,0x00000000ec7fd888,0x00000000ec800000)
  to   space 19968K, 0% used [0x00000000efe80000,0x00000000efe80000,0x00000000f1200000)
 ParOldGen       total 64000K, used 26606K [0x00000000a0000000, 0x00000000a3e80000, 0x00000000e0000000)
  object space 64000K, 41% used [0x00000000a0000000,0x00000000a19fb858,0x00000000a3e80000)
 Metaspace       used 52100K, capacity 53544K, committed 53888K, reserved 1095680K
  class space    used 7058K, capacity 7441K, committed 7552K, reserved 1048576K
}

